FrameworkServlet 'afterSalesService-manager-web': initialization started
Refreshing WebApplicationContext for namespace 'afterSalesService-manager-web-servlet': startup date [Thu Feb 08 17:57:26 GMT+08:00 2018]; root of context hierarchy
Loading XML bean definitions from class path resource [spring/springmvc.xml]
Overriding bean definition for bean 'org.springframework.web.servlet.mvc.method.annotation.RequestMappingHandlerMapping' with a different definition: replacing [Root bean: class [org.springframework.web.servlet.mvc.method.annotation.RequestMappingHandlerMapping]; scope=; abstract=false; lazyInit=false; autowireMode=0; dependencyCheck=0; autowireCandidate=true; primary=false; factoryBeanName=null; factoryMethodName=null; initMethodName=null; destroyMethodName=null] with [Root bean: class [org.springframework.web.servlet.mvc.method.annotation.RequestMappingHandlerMapping]; scope=; abstract=false; lazyInit=false; autowireMode=0; dependencyCheck=0; autowireCandidate=true; primary=false; factoryBeanName=null; factoryMethodName=null; initMethodName=null; destroyMethodName=null]
Overriding bean definition for bean 'org.springframework.web.servlet.mvc.method.annotation.RequestMappingHandlerAdapter' with a different definition: replacing [Root bean: class [org.springframework.web.servlet.mvc.method.annotation.RequestMappingHandlerAdapter]; scope=; abstract=false; lazyInit=false; autowireMode=0; dependencyCheck=0; autowireCandidate=true; primary=false; factoryBeanName=null; factoryMethodName=null; initMethodName=null; destroyMethodName=null] with [Root bean: class [org.springframework.web.servlet.mvc.method.annotation.RequestMappingHandlerAdapter]; scope=; abstract=false; lazyInit=false; autowireMode=0; dependencyCheck=0; autowireCandidate=true; primary=false; factoryBeanName=null; factoryMethodName=null; initMethodName=null; destroyMethodName=null]
Overriding bean definition for bean 'mvcUriComponentsContributor' with a different definition: replacing [Root bean: class [org.springframework.web.servlet.config.AnnotationDrivenBeanDefinitionParser$CompositeUriComponentsContributorFactoryBean]; scope=; abstract=false; lazyInit=false; autowireMode=0; dependencyCheck=0; autowireCandidate=true; primary=false; factoryBeanName=null; factoryMethodName=null; initMethodName=null; destroyMethodName=null] with [Root bean: class [org.springframework.web.servlet.config.AnnotationDrivenBeanDefinitionParser$CompositeUriComponentsContributorFactoryBean]; scope=; abstract=false; lazyInit=false; autowireMode=0; dependencyCheck=0; autowireCandidate=true; primary=false; factoryBeanName=null; factoryMethodName=null; initMethodName=null; destroyMethodName=null]
using logger: com.alibaba.dubbo.common.logger.log4j.Log4jLoggerAdapter
Loading properties file from class path resource [resource/resource.properties]
JSR-330 'javax.inject.Inject' annotation found and supported for autowiring
Mapped "{[/content/category/list]}" onto public java.util.List<com.afterSalesService.common.pojo.EasyUITreeNode> com.afterSalesService.controller.ContentCategoryController.getContentCategoryList(java.lang.Long)
Mapped "{[/content/category/create]}" onto public com.afterSalesService.common.pojo.afterSalesServiceResult com.afterSalesService.controller.ContentCategoryController.addContentCategory(java.lang.Long,java.lang.String)
Mapped "{[/content/save]}" onto public com.afterSalesService.common.pojo.afterSalesServiceResult com.afterSalesService.controller.ContentController.addContent(com.afterSalesService.pojo.TbContent)
Mapped "{[/item/cat/list]}" onto public java.util.List<com.afterSalesService.common.pojo.EasyUITreeNode> com.afterSalesService.controller.ItemCatController.getItemCatList(java.lang.Long)
Mapped "{[/item/save],methods=[POST]}" onto public com.afterSalesService.common.pojo.afterSalesServiceResult com.afterSalesService.controller.ItemController.addItem(com.afterSalesService.pojo.TbItem,java.lang.String)
Mapped "{[/item/list]}" onto public com.afterSalesService.common.pojo.EasyUIDataGridResult com.afterSalesService.controller.ItemController.getItemList(java.lang.Integer,java.lang.Integer)
Mapped "{[/item/{itemId}]}" onto public com.afterSalesService.pojo.TbItem com.afterSalesService.controller.ItemController.getItemById(java.lang.Long)
Mapped "{[/{page}]}" onto public java.lang.String com.afterSalesService.controller.PageController.showPage(java.lang.String)
Mapped "{[/]}" onto public java.lang.String com.afterSalesService.controller.PageController.showIndex()
Mapped "{[/pic/upload]}" onto public java.lang.String com.afterSalesService.controller.PictureController.picUpload(org.springframework.web.multipart.MultipartFile)
Mapped "{[/api-docs],methods=[GET]}" onto public org.springframework.http.ResponseEntity<com.mangofactory.swagger.models.dto.ResourceListing> com.mangofactory.swagger.controllers.DefaultSwaggerController.getResourceListing(java.lang.String)
Mapped "{[/api-docs/{swaggerGroup}/{apiDeclaration}],methods=[GET]}" onto public org.springframework.http.ResponseEntity<com.mangofactory.swagger.models.dto.ApiListing> com.mangofactory.swagger.controllers.DefaultSwaggerController.getApiListing(java.lang.String,java.lang.String)
Looking for @ControllerAdvice: WebApplicationContext for namespace 'afterSalesService-manager-web-servlet': startup date [Thu Feb 08 17:57:26 GMT+08:00 2018]; root of context hierarchy
Looking for @ControllerAdvice: WebApplicationContext for namespace 'afterSalesService-manager-web-servlet': startup date [Thu Feb 08 17:57:26 GMT+08:00 2018]; root of context hierarchy
Mapped URL path [/swagger/**] onto handler 'org.springframework.web.servlet.resource.ResourceHttpRequestHandler#0'
Mapped URL path [/css/**] onto handler 'org.springframework.web.servlet.resource.ResourceHttpRequestHandler#1'
Mapped URL path [/js/**] onto handler 'org.springframework.web.servlet.resource.ResourceHttpRequestHandler#2'
Context refreshed
Found custom SwaggerSpringMvcPlugins
initializing plugin bean customImplementation
Scanning for api listing references
Group for method getContentCategoryList was content-category-controller
Request mapping: getContentCategoryList belongs to groups: [[ResourceGroup{groupName='content-category-controller', position=0}]] 
Adding resource to group:ResourceGroup{groupName='content-category-controller', position=0} with description:Content Category Controller for handler method:getContentCategoryList
Group for method addContentCategory was content-category-controller
Request mapping: addContentCategory belongs to groups: [[ResourceGroup{groupName='content-category-controller', position=0}]] 
Adding resource to group:ResourceGroup{groupName='content-category-controller', position=0} with description:Content Category Controller for handler method:addContentCategory
Group for method addContent was content-controller
Request mapping: addContent belongs to groups: [[ResourceGroup{groupName='content-controller', position=0}]] 
Adding resource to group:ResourceGroup{groupName='content-controller', position=0} with description:Content Controller for handler method:addContent
Group for method getItemCatList was item-cat-controller
Request mapping: getItemCatList belongs to groups: [[ResourceGroup{groupName='item-cat-controller', position=0}]] 
Adding resource to group:ResourceGroup{groupName='item-cat-controller', position=0} with description:Item Cat Controller for handler method:getItemCatList
Group for method addItem was item-controller
Request mapping: addItem belongs to groups: [[ResourceGroup{groupName='item-controller', position=0}]] 
Adding resource to group:ResourceGroup{groupName='item-controller', position=0} with description:Item Controller for handler method:addItem
Group for method getItemList was item-controller
Request mapping: getItemList belongs to groups: [[ResourceGroup{groupName='item-controller', position=0}]] 
Adding resource to group:ResourceGroup{groupName='item-controller', position=0} with description:Item Controller for handler method:getItemList
Group for method getItemById was item-controller
Request mapping: getItemById belongs to groups: [[ResourceGroup{groupName='item-controller', position=0}]] 
Adding resource to group:ResourceGroup{groupName='item-controller', position=0} with description:Item Controller for handler method:getItemById
Group for method showPage was page-controller
Request mapping: showPage belongs to groups: [[ResourceGroup{groupName='page-controller', position=0}]] 
Adding resource to group:ResourceGroup{groupName='page-controller', position=0} with description:Page Controller for handler method:showPage
Group for method showIndex was page-controller
Request mapping: showIndex belongs to groups: [[ResourceGroup{groupName='page-controller', position=0}]] 
Adding resource to group:ResourceGroup{groupName='page-controller', position=0} with description:Page Controller for handler method:showIndex
Group for method picUpload was picture-controller
Request mapping: picUpload belongs to groups: [[ResourceGroup{groupName='picture-controller', position=0}]] 
Adding resource to group:ResourceGroup{groupName='picture-controller', position=0} with description:Picture Controller for handler method:picUpload
Excluding method as it contains the excluded annotation: interface com.mangofactory.swagger.annotations.ApiIgnore
Excluding method as it contains the excluded annotation: interface com.mangofactory.swagger.annotations.ApiIgnore
Created resource listing Path: /default/content-controller Description: content-controller Position: 0
Created resource listing Path: /default/page-controller Description: page-controller Position: 0
Created resource listing Path: /default/picture-controller Description: picture-controller Position: 0
Created resource listing Path: /default/item-cat-controller Description: item-cat-controller Position: 0
Created resource listing Path: /default/item-controller Description: item-controller Position: 0
Created resource listing Path: /default/content-category-controller Description: content-category-controller Position: 0
Added a resource listing with (6) api resources: 
  Content Category Controller at location: /api-docs/default/content-category-controller
  Content Controller at location: /api-docs/default/content-controller
  Item Cat Controller at location: /api-docs/default/item-cat-controller
  Item Controller at location: /api-docs/default/item-controller
  Page Controller at location: /api-docs/default/page-controller
  Picture Controller at location: /api-docs/default/picture-controller
FrameworkServlet 'afterSalesService-manager-web': initialization completed in 2271 ms
